<?xml version="1.0" encoding="UTF-8"?>
<!-- Generated by org.testng.reporters.JUnitXMLReporter -->
<testsuite ignored="0" hostname="DESKTOP-7HQSQ59" failures="0" tests="3" name="Test" time="0.712" errors="0" timestamp="2024-06-25T12:47:23 IST">
  <testcase classname="First_package.LoginPage" name="Email" time="0.207"/>
  <testcase classname="Second_package.HomePage" name="SearchOptions" time="0.011"/>
  <testcase classname="Third_script.OrderHistory" name="OrderList" time="0.01"/>
</testsuite> <!-- Test -->
