<?xml version="1.0" encoding="UTF-8"?>
<!-- Generated by org.testng.reporters.JUnitXMLReporter -->
<testsuite ignored="0" hostname="DESKTOP-7HQSQ59" failures="0" tests="3" name="Test" time="1.006" errors="0" timestamp="2024-06-25T12:57:42 IST">
  <testcase classname="First_package.LoginPage" name="Email" time="0.326"/>
  <testcase classname="Second_package.HomePage" name="SearchOptions" time="0.013"/>
  <testcase classname="Third_script.OrderHistory" name="OrderList" time="0.007"/>
</testsuite> <!-- Test -->
