<?xml version="1.0" encoding="UTF-8"?>
<testng-results ignored="0" total="3" passed="3" failed="0" skipped="0">
  <reporter-output>
  </reporter-output>
  <suite started-at="2024-06-25T12:57:41 IST" name="Suite" finished-at="2024-06-25T12:57:42 IST" duration-ms="1006">
    <groups>
    </groups>
    <test started-at="2024-06-25T12:57:41 IST" name="Test" finished-at="2024-06-25T12:57:42 IST" duration-ms="1006">
      <class name="First_package.LoginPage">
        <test-method signature="Email()[pri:0, instance:First_package.LoginPage@2cf3d63b]" started-at="2024-06-25T12:57:41 IST" name="Email" finished-at="2024-06-25T12:57:42 IST" duration-ms="326" status="PASS">
          <reporter-output>
          </reporter-output>
        </test-method> <!-- Email -->
      </class> <!-- First_package.LoginPage -->
      <class name="Second_package.HomePage">
        <test-method signature="SearchOptions()[pri:0, instance:Second_package.HomePage@76b1e9b8]" started-at="2024-06-25T12:57:42 IST" name="SearchOptions" finished-at="2024-06-25T12:57:42 IST" duration-ms="13" status="PASS">
          <reporter-output>
          </reporter-output>
        </test-method> <!-- SearchOptions -->
      </class> <!-- Second_package.HomePage -->
      <class name="Third_script.OrderHistory">
        <test-method signature="OrderList()[pri:0, instance:Third_script.OrderHistory@27406a17]" started-at="2024-06-25T12:57:42 IST" name="OrderList" finished-at="2024-06-25T12:57:42 IST" duration-ms="7" status="PASS">
          <reporter-output>
          </reporter-output>
        </test-method> <!-- OrderList -->
      </class> <!-- Third_script.OrderHistory -->
    </test> <!-- Test -->
  </suite> <!-- Suite -->
</testng-results>
