<?xml version="1.0" encoding="UTF-8"?>
<testng-results ignored="0" total="1" passed="1" failed="0" skipped="0">
  <reporter-output>
  </reporter-output>
  <suite started-at="2024-09-11T17:46:39 IST" name="Default suite" finished-at="2024-09-11T17:46:40 IST" duration-ms="798">
    <groups>
    </groups>
    <test started-at="2024-09-11T17:46:39 IST" name="Default test" finished-at="2024-09-11T17:46:40 IST" duration-ms="798">
      <class name="First_package.LoginPage">
        <test-method signature="Email()[pri:0, instance:First_package.LoginPage@3ad83a66]" started-at="2024-09-11T17:46:39 IST" name="Email" finished-at="2024-09-11T17:46:39 IST" duration-ms="268" status="PASS">
          <reporter-output>
          </reporter-output>
        </test-method> <!-- Email -->
      </class> <!-- First_package.LoginPage -->
    </test> <!-- Default test -->
  </suite> <!-- Default suite -->
</testng-results>
